<?xml version="1.0" encoding="UTF-8"?>
<robot generator="Robot 7.0 (Python 3.12.3 on win32)" generated="2024-06-30T00:56:49.547805" rpa="false" schemaversion="5">
<suite id="s1" name="STCS API RB Testing" source="C:\Users\DELL\Documents\Automation\Robot-Framework\Projects\Final-Good practices\Demo July 24\STCS_API_RB_Testing">
<suite id="s1-s1" name="Resources" source="C:\Users\DELL\Documents\Automation\Robot-Framework\Projects\Final-Good practices\Demo July 24\STCS_API_RB_Testing\Resources">
<suite id="s1-s1-s1" name="API" source="C:\Users\DELL\Documents\Automation\Robot-Framework\Projects\Final-Good practices\Demo July 24\STCS_API_RB_Testing\Resources\API">
<suite id="s1-s1-s1-s1" name="Booking Auth Create Token" source="C:\Users\DELL\Documents\Automation\Robot-Framework\Projects\Final-Good practices\Demo July 24\STCS_API_RB_Testing\Resources\API\Booking Auth_Create Token.robot">
<test id="s1-s1-s1-s1-t1" name="BookingAuth - CreateToken" line="9">
<kw name="Create Dictionary" owner="BuiltIn">
<msg time="2024-06-30T00:56:49.797229" level="INFO">${body} = {'username': 'admin', 'password': 'password123'}</msg>
<var>${body}</var>
<arg>username=admin</arg>
<arg>password=password123</arg>
<doc>Creates and returns a dictionary based on the given ``items``.</doc>
<status status="PASS" start="2024-06-30T00:56:49.797229" elapsed="0.000000"/>
</kw>
<kw name="POST" owner="RequestsLibrary">
<msg time="2024-06-30T00:56:50.949723" level="INFO">POST Request : url=https://restful-booker.herokuapp.com/auth 
 path_url=/auth 
 headers={'User-Agent': 'python-requests/2.31.0', 'Accept-Encoding': 'gzip, deflate', 'Accept': '*/*', 'Connection': 'keep-alive', 'Content-Length': '48', 'Content-Type': 'application/json'} 
 body=b'{"username": "admin", "password": "password123"}' 
 </msg>
<msg time="2024-06-30T00:56:50.949723" level="INFO">POST Response : url=https://restful-booker.herokuapp.com/auth 
 status=200, reason=OK 
 headers={'Server': 'Cowboy', 'Report-To': '{"group":"heroku-nel","max_age":3600,"endpoints":[{"url":"https://nel.heroku.com/reports?ts=1719698211&amp;sid=c46efe9b-d3d2-4a0c-8c76-bfafa16c5add&amp;s=9dkLmQf%2FusitQ%2BK2V3btTXUKOpldeKJl67uHNVJLYFA%3D"}]}', 'Reporting-Endpoints': 'heroku-nel=https://nel.heroku.com/reports?ts=1719698211&amp;sid=c46efe9b-d3d2-4a0c-8c76-bfafa16c5add&amp;s=9dkLmQf%2FusitQ%2BK2V3btTXUKOpldeKJl67uHNVJLYFA%3D', 'Nel': '{"report_to":"heroku-nel","max_age":3600,"success_fraction":0.005,"failure_fraction":0.05,"response_headers":["Via"]}', 'Connection': 'keep-alive', 'X-Powered-By': 'Express', 'Content-Type': 'application/json; charset=utf-8', 'Content-Length': '27', 'Etag': 'W/"1b-PW1qjgQKyjUPgDjbvGtoWLSw6wY"', 'Date': 'Sat, 29 Jun 2024 21:56:51 GMT', 'Via': '1.1 vegur'} 
 body={"token":"957ea0dfc7dace8"} 
 </msg>
<msg time="2024-06-30T00:56:50.949723" level="INFO">${auth_response} = &lt;Response [200]&gt;</msg>
<var>${auth_response}</var>
<arg>${restfulBooker_url}/auth</arg>
<arg>json=${body}</arg>
<arg>expected_status=200</arg>
<doc>Sends a POST request.</doc>
<status status="PASS" start="2024-06-30T00:56:49.797229" elapsed="1.152494"/>
</kw>
<kw name="Evaluate" owner="BuiltIn">
<msg time="2024-06-30T00:56:50.950732" level="INFO">${bookingAuthToken} = {'token': '957ea0dfc7dace8'}</msg>
<var>${bookingAuthToken}</var>
<arg>json.loads("""${auth_response.content}""")</arg>
<arg>json</arg>
<doc>Evaluates the given expression in Python and returns the result.</doc>
<status status="PASS" start="2024-06-30T00:56:50.949723" elapsed="0.001009"/>
</kw>
<kw name="Set Suite Variable" owner="BuiltIn">
<msg time="2024-06-30T00:56:50.951731" level="INFO">${token} = {'token': '957ea0dfc7dace8'}</msg>
<arg>${token}</arg>
<arg>${bookingAuthToken}</arg>
<doc>Makes a variable available everywhere within the scope of the current suite.</doc>
<status status="PASS" start="2024-06-30T00:56:50.950732" elapsed="0.000999"/>
</kw>
<status status="PASS" start="2024-06-30T00:56:49.796328" elapsed="1.155403"/>
</test>
<status status="PASS" start="2024-06-30T00:56:49.593278" elapsed="1.359450"/>
</suite>
<suite id="s1-s1-s1-s2" name="TC1 Get All Bookings" source="C:\Users\DELL\Documents\Automation\Robot-Framework\Projects\Final-Good practices\Demo July 24\STCS_API_RB_Testing\Resources\API\TC1_Get All Bookings.robot">
<test id="s1-s1-s1-s2-t1" name="TC1_ Booking - Get All Booking IDs" line="8">
<kw name="Create Session" owner="RequestsLibrary">
<msg time="2024-06-30T00:56:50.964281" level="INFO">Creating Session using : alias=getBookingSession, url=https://restful-booker.herokuapp.com, headers={},                     cookies={}, auth=None, timeout=None, proxies=None, verify=True,                     debug=0 </msg>
<arg>getBookingSession</arg>
<arg>${restfulBooker_baseUrl}</arg>
<arg>verify=true</arg>
<doc>Create Session: create a HTTP session to a server</doc>
<status status="PASS" start="2024-06-30T00:56:50.963278" elapsed="0.001003"/>
</kw>
<kw name="GET On Session" owner="RequestsLibrary">
<msg time="2024-06-30T00:56:52.178093" level="INFO">GET Request : url=https://restful-booker.herokuapp.com/booking 
 path_url=/booking 
 headers={'User-Agent': 'python-requests/2.31.0', 'Accept-Encoding': 'gzip, deflate', 'Accept': '*/*', 'Connection': 'keep-alive'} 
 body=None 
 </msg>
<msg time="2024-06-30T00:56:52.178093" level="INFO">GET Response : url=https://restful-booker.herokuapp.com/booking 
 status=200, reason=OK 
 headers={'Server': 'Cowboy', 'Report-To': '{"group":"heroku-nel","max_age":3600,"endpoints":[{"url":"https://nel.heroku.com/reports?ts=1719698212&amp;sid=c46efe9b-d3d2-4a0c-8c76-bfafa16c5add&amp;s=95Yf08dIp42gSjDU01oChwheKdJvSVU6xEGu6YnB%2FGo%3D"}]}', 'Reporting-Endpoints': 'heroku-nel=https://nel.heroku.com/reports?ts=1719698212&amp;sid=c46efe9b-d3d2-4a0c-8c76-bfafa16c5add&amp;s=95Yf08dIp42gSjDU01oChwheKdJvSVU6xEGu6YnB%2FGo%3D', 'Nel': '{"report_to":"heroku-nel","max_age":3600,"success_fraction":0.005,"failure_fraction":0.05,"response_headers":["Via"]}', 'Connection': 'keep-alive', 'X-Powered-By': 'Express', 'Content-Type': 'application/json; charset=utf-8', 'Content-Length': '34921', 'Etag': 'W/"8869-hfTo68q/vWgmrNARb1CFbXlS7Ro"', 'Date': 'Sat, 29 Jun 2024 21:56:52 GMT', 'Via': '1.1 vegur'} 
 body=[{"bookingid":972},{"bookingid":1531},{"bookingid":2022},{"bookingid":2078},{"bookingid":1895},{"bookingid":785},{"bookingid":1860},{"bookingid":2445},{"bookingid":1850},{"bookingid":1013},{"bookingid":1236},{"bookingid":607},{"bookingid":2239},{"bookingid":2131},{"bookingid":2394},{"bookingid":790},{"bookingid":2675},{"bookingid":161},{"bookingid":1667},{"bookingid":183},{"bookingid":405},{"bookingid":2565},{"bookingid":2346},{"bookingid":1025},{"bookingid":2662},{"bookingid":2532},{"bookingid":870},{"bookingid":898},{"bookingid":982},{"bookingid":1055},{"bookingid":673},{"bookingid":412},{"bookingid":2458},{"bookingid":136},{"bookingid":2048},{"bookingid":1730},{"bookingid":2116},{"bookingid":2203},{"bookingid":291},{"bookingid":1496},{"bookingid":99},{"bookingid":968},{"bookingid":1421},{"bookingid":65},{"bookingid":1818},{"bookingid":2742},{"bookingid":962},{"bookingid":1779},{"bookingid":2001},{"bookingid":1884},{"bookingid":596},{"bookingid":1387},{"bookingid":211},{"bookingid":1330},{"bookingid":1787},{"bookingid":2067},{"bookingid":553},{"bookingid":934},{"bookingid":583},{"bookingid":655},{"bookingid":52},{"bookingid":1165},{"bookingid":1024},{"bookingid":475},{"bookingid":22},{"bookingid":831},{"bookingid":1239},{"bookingid":1157},{"bookingid":457},{"bookingid":2104},{"bookingid":897},{"bookingid":2358},{"bookingid":1391},{"bookingid":461},{"bookingid":685},{"bookingid":2451},{"bookingid":811},{"bookingid":1255},{"bookingid":878},{"bookingid":68},{"bookingid":949},{"bookingid":1090},{"bookingid":324},{"bookingid":1045},{"bookingid":44},{"bookingid":352},{"bookingid":359},{"bookingid":567},{"bookingid":504},{"bookingid":792},{"bookingid":2572},{"bookingid":2666},{"bookingid":23},{"bookingid":1946},{"bookingid":1754},{"bookingid":1750},{"bookingid":1172},{"bookingid":1282},{"bookingid":1085},{"bookingid":2642},{"bookingid":2197},{"bookingid":2487},{"bookingid":1193},{"bookingid":289},{"bookingid":2520},{"bookingid":509},{"bookingid":468},{"bookingid":1995},{"bookingid":815},{"bookingid":695},{"bookingid":1945},{"bookingid":335},{"bookingid":2270},{"bookingid":2147},{"bookingid":45},{"bookingid":1440},{"bookingid":674},{"bookingid":2716},{"bookingid":1701},{"bookingid":1660},{"bookingid":1693},{"bookingid":622},{"bookingid":1233},{"bookingid":1374},{"bookingid":1680},{"bookingid":1327},{"bookingid":376},{"bookingid":1532},{"bookingid":47},{"bookingid":2162},{"bookingid":915},{"bookingid":1882},{"bookingid":288},{"bookingid":425},{"bookingid":1738},{"bookingid":2544},{"bookingid":876},{"bookingid":1547},{"bookingid":994},{"bookingid":84},{"bookingid":168},{"bookingid":1605},{"bookingid":188},{"bookingid":1484},{"bookingid":678},{"bookingid":451},{"bookingid":914},{"bookingid":1567},{"bookingid":82},{"bookingid":177},{"bookingid":2409},{"bookingid":2090},{"bookingid":600},{"bookingid":2129},{"bookingid":2351},{"bookingid":2650},{"bookingid":925},{"bookingid":902},{"bookingid":536},{"bookingid":367},{"bookingid":1997},{"bookingid":104},{"bookingid":1948},{"bookingid":1934},{"bookingid":1467},{"bookingid":1810},{"bookingid":1771},{"bookingid":973},{"bookingid":2322},{"bookingid":2309},{"bookingid":2209},{"bookingid":128},{"bookingid":2133},{"bookingid":865},{"bookingid":692},{"bookingid":338},{"bookingid":2454},{"bookingid":1146},{"bookingid":858},{"bookingid":1227},{"bookingid":2083},{"bookingid":1479},{"bookingid":807},{"bookingid":1290},{"bookingid":2315},{"bookingid":295},{"bookingid":593},{"bookingid":1107},{"bookingid":2482},{"bookingid":2369},{"bookingid":1903},{"bookingid":2008},{"bookingid":1190},{"bookingid":846},{"bookingid":1502},{"bookingid":155},{"bookingid":2169},{"bookingid":1244},{"bookingid":135},{"bookingid":1758},{"bookingid":2514},{"bookingid":2393},{"bookingid":1675},{"bookingid":1438},{"bookingid":1921},{"bookingid":1691},{"bookingid":551},{"bookingid":1042},{"bookingid":1568},{"bookingid":358},{"bookingid":528},{"bookingid":2623},{"bookingid":525},{"bookingid":2656},{"bookingid":2728},{"bookingid":1273},{"bookingid":961},{"bookingid":1653},{"bookingid":1371},{"bookingid":1401},{"bookingid":2144},{"bookingid":1538},{"bookingid":561},{"bookingid":1569},{"bookingid":708},{"bookingid":1829},{"bookingid":1210},{"bookingid":1471},{"bookingid":2496},{"bookingid":30},{"bookingid":787},{"bookingid":1577},{"bookingid":2074},{"bookingid":1333},{"bookingid":1087},{"bookingid":874},{"bookingid":2053},{"bookingid":941},{"bookingid":1178},{"bookingid":1373},{"bookingid":1545},{"bookingid":1023},{"bookingid":2082},{"bookingid":2541},{"bookingid":2460},{"bookingid":634},{"bookingid":2591},{"bookingid":2340},{"bookingid":2240},{"bookingid":1955},{"bookingid":32},{"bookingid":13},{"bookingid":2353},{"bookingid":1425},{"bookingid":942},{"bookingid":625},{"bookingid":1834},{"bookingid":1539},{"bookingid":1915},{"bookingid":1723},{"bookingid":2561},{"bookingid":357},{"bookingid":334},{"bookingid":769},{"bookingid":29},{"bookingid":2647},{"bookingid":1971},{"bookingid":2318},{"bookingid":2267},{"bookingid":2304},{"bookingid":429},{"bookingid":67},{"bookingid":106},{"bookingid":606},{"bookingid":262},{"bookingid":2472},{"bookingid":1713},{"bookingid":24},{"bookingid":2},{"bookingid":2356},{"bookingid":1911},{"bookingid":219},{"bookingid":1622},{"bookingid":1814},{"bookingid":2564},{"bookingid":2242},{"bookingid":840},{"bookingid":1573},{"bookingid":1757},{"bookingid":318},{"bookingid":2491},{"bookingid":2626},{"bookingid":861},{"bookingid":2610},{"bookingid":76},{"bookingid":2347},{"bookingid":2255},{"bookingid":1229},{"bookingid":339},{"bookingid":2158},{"bookingid":839},{"bookingid":1715},{"bookingid":690},{"bookingid":2244},{"bookingid":2481},{"bookingid":1051},{"bookingid":388},{"bookingid":2562},{"bookingid":1847},{"bookingid":1695},{"bookingid":33},{"bookingid":719},{"bookingid":2020},{"bookingid":382},{"bookingid":2674},{"bookingid":2490},{"bookingid":1406},{"bookingid":1969},{"bookingid":1207},{"bookingid":611},{"bookingid":967},{"bookingid":1576},{"bookingid":1394},{"bookingid":2478},{"bookingid":2038},{"bookingid":236},{"bookingid":1052},{"bookingid":1286},{"bookingid":1339},{"bookingid":990},{"bookingid":2698},{"bookingid":1380},{"bookingid":143},{"bookingid":329},{"bookingid":224},{"bookingid":574},{"bookingid":2271},{"bookingid":2395},{"bookingid":393},{"bookingid":163},{"bookingid":2737},{"bookingid":2743},{"bookingid":1065},{"bookingid":1035},{"bookingid":1589},{"bookingid":661},{"bookingid":453},{"bookingid":1275},{"bookingid":2206},{"bookingid":1931},{"bookingid":378},{"bookingid":754},{"bookingid":208},{"bookingid":1242},{"bookingid":1230},{"bookingid":518},{"bookingid":2249},{"bookingid":833},{"bookingid":112},{"bookingid":442},{"bookingid":519},{"bookingid":1823},{"bookingid":1804},{"bookingid":879},{"bookingid":615},{"bookingid":1114},{"bookingid":1007},{"bookingid":2425},{"bookingid":179},{"bookingid":2275},{"bookingid":2607},{"bookingid":2733},{"bookingid":1019},{"bookingid":889},{"bookingid":684},{"bookingid":2191},{"bookingid":2293},{"bookingid":1510},{"bookingid":1464},{"bookingid":1709},{"bookingid":783},{"bookingid":2518},{"bookingid":1434},{"bookingid":2483},{"bookingid":2703},{"bookingid":852},{"bookingid":2466},{"bookingid":1784},{"bookingid":1029},{"bookingid":585},{"bookingid":1800},{"bookingid":887},{"bookingid":4},{"bookingid":1228},{"bookingid":1003},{"bookingid":1238},{"bookingid":2593},{"bookingid":2463},{"bookingid":1137},{"bookingid":200},{"bookingid":1477},{"bookingid":1763},{"bookingid":1737},{"bookingid":1786},{"bookingid":1768},{"bookingid":505},{"bookingid":1017},{"bookingid":1323},{"bookingid":919},{"bookingid":2226},{"bookingid":260},{"bookingid":1095},{"bookingid":2527},{"bookingid":1773},{"bookingid":2633},{"bookingid":2641},{"bookingid":2440},{"bookingid":1361},{"bookingid":1614},{"bookingid":2531},{"bookingid":2342},{"bookingid":399},{"bookingid":1206},{"bookingid":2143},{"bookingid":1930},{"bookingid":648},{"bookingid":1139},{"bookingid":1360},{"bookingid":14},{"bookingid":1998},{"bookingid":752},{"bookingid":2471},{"bookingid":2260},{"bookingid":1296},{"bookingid":2214},{"bookingid":1992},{"bookingid":501},{"bookingid":1953},{"bookingid":1356},{"bookingid":1080},{"bookingid":1261},{"bookingid":745},{"bookingid":1646},{"bookingid":368},{"bookingid":1215},{"bookingid":1079},{"bookingid":1966},{"bookingid":1040},{"bookingid":688},{"bookingid":2604},{"bookingid":1652},{"bookingid":1790},{"bookingid":612},{"bookingid":214},{"bookingid":1081},{"bookingid":2189},{"bookingid":50},{"bookingid":1447},{"bookingid":2673},{"bookingid":1772},{"bookingid":323},{"bookingid":1480},{"bookingid":2273},{"bookingid":2701},{"bookingid":1529},{"bookingid":771},{"bookingid":2627},{"bookingid":1892},{"bookingid":649},{"bookingid":2499},{"bookingid":1109},{"bookingid":2027},{"bookingid":304},{"bookingid":2183},{"bookingid":773},{"bookingid":794},{"bookingid":882},{"bookingid":1579},{"bookingid":2297},{"bookingid":2069},{"bookingid":1986},{"bookingid":533},{"bookingid":343},{"bookingid":1513},{"bookingid":2410},{"bookingid":2123},{"bookingid":2684},{"bookingid":2288},{"bookingid":2556},{"bookingid":2337},{"bookingid":1345},{"bookingid":2282},{"bookingid":2646},{"bookingid":2135},{"bookingid":2276},{"bookingid":2300},{"bookingid":765},{"bookingid":847},{"bookingid":2152},{"bookingid":1663},{"bookingid":1725},{"bookingid":1359},{"bookingid":1200},{"bookingid":1022},{"bookingid":1989},{"bookingid":512},{"bookingid":1237},{"bookingid":922},{"bookingid":2651},{"bookingid":152},{"bookingid":1213},{"bookingid":1789},{"bookingid":3},{"bookingid":2448},{"bookingid":273},{"bookingid":1828},{"bookingid":2405},{"bookingid":493},{"bookingid":766},{"bookingid":1922},{"bookingid":2278},{"bookingid":1179},{"bookingid":114},{"bookingid":1501},{"bookingid":2321},{"bookingid":459},{"bookingid":1381},{"bookingid":71},{"bookingid":1078},{"bookingid":2724},{"bookingid":1020},{"bookingid":1175},{"bookingid":1645},{"bookingid":87},{"bookingid":2631},{"bookingid":939},{"bookingid":437},{"bookingid":462},{... (set the log level to DEBUG or TRACE to see the full content) 
 </msg>
<msg time="2024-06-30T00:56:52.178093" level="INFO">${response} = &lt;Response [200]&gt;</msg>
<var>${response}</var>
<arg>getBookingSession</arg>
<arg>/booking</arg>
<doc>Sends a GET request on a previously created HTTP Session.</doc>
<status status="PASS" start="2024-06-30T00:56:50.964281" elapsed="1.213812"/>
</kw>
<kw name="Convert To String" owner="BuiltIn">
<msg time="2024-06-30T00:56:52.179614" level="INFO">${status_code} = 200</msg>
<var>${status_code}</var>
<arg>${response.status_code}</arg>
<doc>Converts the given item to a Unicode string.</doc>
<status status="PASS" start="2024-06-30T00:56:52.179614" elapsed="0.000000"/>
</kw>
<kw name="Should Be Equal" owner="BuiltIn">
<arg>${status_code}</arg>
<arg>200</arg>
<doc>Fails if the given objects are unequal.</doc>
<status status="PASS" start="2024-06-30T00:56:52.180622" elapsed="0.000000"/>
</kw>
<kw name="Convert To String" owner="BuiltIn">
<msg time="2024-06-30T00:56:52.181661" level="INFO">${res_body} = [{"bookingid":972},{"bookingid":1531},{"bookingid":2022},{"bookingid":2078},{"bookingid":1895},{"bookingid":785},{"bookingid":1860},{"bookingid":2445},{"bookingid":1850},{"bookingid":1013},{"bookingid...</msg>
<var>${res_body}</var>
<arg>${response.content}</arg>
<doc>Converts the given item to a Unicode string.</doc>
<status status="PASS" start="2024-06-30T00:56:52.180622" elapsed="0.001039"/>
</kw>
<kw name="Should Contain" owner="BuiltIn">
<arg>${res_body}</arg>
<arg>bookingid</arg>
<doc>Fails if ``container`` does not contain ``item`` one or more times.</doc>
<status status="PASS" start="2024-06-30T00:56:52.181661" elapsed="0.000000"/>
</kw>
<status status="PASS" start="2024-06-30T00:56:50.963278" elapsed="1.219771"/>
</test>
<status status="PASS" start="2024-06-30T00:56:50.953729" elapsed="1.229520"/>
</suite>
<suite id="s1-s1-s1-s3" name="TC2  Get Booking By BookingId" source="C:\Users\DELL\Documents\Automation\Robot-Framework\Projects\Final-Good practices\Demo July 24\STCS_API_RB_Testing\Resources\API\TC2_ Get Booking By BookingId.robot">
<test id="s1-s1-s1-s3-t1" name="TC2_ Booking - GetBookingByBooking By Id" line="9">
<kw name="Create Session" owner="RequestsLibrary">
<msg time="2024-06-30T00:56:52.191296" level="INFO">Creating Session using : alias=getBookingSession, url=https://restful-booker.herokuapp.com, headers={},                     cookies={}, auth=None, timeout=None, proxies=None, verify=True,                     debug=0 </msg>
<arg>getBookingSession</arg>
<arg>${restfulBooker_baseUrl}</arg>
<arg>verify=true</arg>
<doc>Create Session: create a HTTP session to a server</doc>
<status status="PASS" start="2024-06-30T00:56:52.191296" elapsed="0.000998"/>
</kw>
<kw name="GET On Session" owner="RequestsLibrary">
<msg time="2024-06-30T00:56:53.304052" level="INFO">GET Request : url=https://restful-booker.herokuapp.com/booking/972 
 path_url=/booking/972 
 headers={'User-Agent': 'python-requests/2.31.0', 'Accept-Encoding': 'gzip, deflate', 'Accept': '*/*', 'Connection': 'keep-alive'} 
 body=None 
 </msg>
<msg time="2024-06-30T00:56:53.304052" level="INFO">GET Response : url=https://restful-booker.herokuapp.com/booking/972 
 status=200, reason=OK 
 headers={'Server': 'Cowboy', 'Report-To': '{"group":"heroku-nel","max_age":3600,"endpoints":[{"url":"https://nel.heroku.com/reports?ts=1719698214&amp;sid=c46efe9b-d3d2-4a0c-8c76-bfafa16c5add&amp;s=e65p7tFWCFQ1JKNZpqr60H7t0y9cvfM5COAHbUEmG6w%3D"}]}', 'Reporting-Endpoints': 'heroku-nel=https://nel.heroku.com/reports?ts=1719698214&amp;sid=c46efe9b-d3d2-4a0c-8c76-bfafa16c5add&amp;s=e65p7tFWCFQ1JKNZpqr60H7t0y9cvfM5COAHbUEmG6w%3D', 'Nel': '{"report_to":"heroku-nel","max_age":3600,"success_fraction":0.005,"failure_fraction":0.05,"response_headers":["Via"]}', 'Connection': 'keep-alive', 'X-Powered-By': 'Express', 'Content-Type': 'application/json; charset=utf-8', 'Content-Length': '170', 'Etag': 'W/"aa-waBDObUc25azXZ1Gkrz0LIEDGrg"', 'Date': 'Sat, 29 Jun 2024 21:56:54 GMT', 'Via': '1.1 vegur'} 
 body={"firstname":"James","lastname":"Brown","totalprice":111,"depositpaid":true,"bookingdates":{"checkin":"2018-01-01","checkout":"2019-01-01"},"additionalneeds":"Breakfast"} 
 </msg>
<msg time="2024-06-30T00:56:53.304052" level="INFO">${response} = &lt;Response [200]&gt;</msg>
<var>${response}</var>
<arg>getBookingSession</arg>
<arg>/booking/${BookingID}</arg>
<doc>Sends a GET request on a previously created HTTP Session.</doc>
<status status="PASS" start="2024-06-30T00:56:52.192294" elapsed="1.112756"/>
</kw>
<kw name="Convert To String" owner="BuiltIn">
<msg time="2024-06-30T00:56:53.306050" level="INFO">${status_code} = 200</msg>
<var>${status_code}</var>
<arg>${response.status_code}</arg>
<doc>Converts the given item to a Unicode string.</doc>
<status status="PASS" start="2024-06-30T00:56:53.305050" elapsed="0.001000"/>
</kw>
<kw name="Should Be Equal" owner="BuiltIn">
<arg>${status_code}</arg>
<arg>200</arg>
<doc>Fails if the given objects are unequal.</doc>
<status status="PASS" start="2024-06-30T00:56:53.306050" elapsed="0.000000"/>
</kw>
<kw name="Convert To String" owner="BuiltIn">
<msg time="2024-06-30T00:56:53.307053" level="INFO">${res_body} = {"firstname":"James","lastname":"Brown","totalprice":111,"depositpaid":true,"bookingdates":{"checkin":"2018-01-01","checkout":"2019-01-01"},"additionalneeds":"Breakfast"}</msg>
<var>${res_body}</var>
<arg>${response.content}</arg>
<doc>Converts the given item to a Unicode string.</doc>
<status status="PASS" start="2024-06-30T00:56:53.307053" elapsed="0.000000"/>
</kw>
<kw name="Should Contain" owner="BuiltIn">
<arg>${res_body}</arg>
<arg>firstname</arg>
<doc>Fails if ``container`` does not contain ``item`` one or more times.</doc>
<status status="PASS" start="2024-06-30T00:56:53.308055" elapsed="0.000000"/>
</kw>
<status status="PASS" start="2024-06-30T00:56:52.191296" elapsed="1.116759"/>
</test>
<status status="PASS" start="2024-06-30T00:56:52.185734" elapsed="1.124231"/>
</suite>
<suite id="s1-s1-s1-s4" name="TC3 POST Create Booking" source="C:\Users\DELL\Documents\Automation\Robot-Framework\Projects\Final-Good practices\Demo July 24\STCS_API_RB_Testing\Resources\API\TC3_POST Create Booking.robot">
<test id="s1-s1-s1-s4-t1" name="Test POST Request Booking - CreateBooking Then Verify Posted Data Are Get" line="6">
<kw name="Test POST Request Create Booking" owner="BookingKeywords">
<kw name="Create Dictionary" owner="BuiltIn">
<msg time="2024-06-30T00:56:53.321725" level="INFO">${booking_dates} = {'checkin': '2024-03-14', 'checkout': '2024-05-01'}</msg>
<var>${booking_dates}</var>
<arg>checkin=2024-03-14</arg>
<arg>checkout=2024-05-01</arg>
<doc>Creates and returns a dictionary based on the given ``items``.</doc>
<status status="PASS" start="2024-06-30T00:56:53.320696" elapsed="0.001029"/>
</kw>
<kw name="Create Dictionary" owner="BuiltIn">
<msg time="2024-06-30T00:56:53.321725" level="INFO">${body} = {'firstname': 'Omar', 'lastname': 'Salam', 'totalprice': '3434', 'depositpaid': 'false', 'bookingdates': {'checkin': '2024-03-14', 'checkout': '2024-05-01'}, 'additionalneeds': 'Dinner'}</msg>
<var>${body}</var>
<arg>firstname=Omar</arg>
<arg>lastname=Salam</arg>
<arg>totalprice=3434</arg>
<arg>depositpaid=false</arg>
<arg>bookingdates=${booking_dates}</arg>
<arg>additionalneeds=Dinner</arg>
<doc>Creates and returns a dictionary based on the given ``items``.</doc>
<status status="PASS" start="2024-06-30T00:56:53.321725" elapsed="0.000000"/>
</kw>
<kw name="Create Session" owner="RequestsLibrary">
<msg time="2024-06-30T00:56:53.321725" level="INFO">Creating Session using : alias=POST, url=https://restful-booker.herokuapp.com, headers={},                     cookies={}, auth=None, timeout=None, proxies=None, verify=False,                     debug=0 </msg>
<arg>POST</arg>
<arg>${restfulBooker_baseUrl}</arg>
<arg>disable_warnings=1</arg>
<doc>Create Session: create a HTTP session to a server</doc>
<status status="PASS" start="2024-06-30T00:56:53.321725" elapsed="0.000973"/>
</kw>
<kw name="POST On Session" owner="RequestsLibrary">
<msg time="2024-06-30T00:56:54.123884" level="INFO">POST Request : url=https://restful-booker.herokuapp.com/booking 
 path_url=/booking 
 headers={'User-Agent': 'python-requests/2.31.0', 'Accept-Encoding': 'gzip, deflate', 'Accept': '*/*', 'Connection': 'keep-alive', 'Content-Length': '186', 'Content-Type': 'application/json'} 
 body=b'{"firstname": "Omar", "lastname": "Salam", "totalprice": "3434", "depositpaid": "false", "bookingdates": {"checkin": "2024-03-14", "checkout": "2024-05-01"}, "additionalneeds": "Dinner"}' 
 </msg>
<msg time="2024-06-30T00:56:54.123884" level="INFO">POST Response : url=https://restful-booker.herokuapp.com/booking 
 status=200, reason=OK 
 headers={'Server': 'Cowboy', 'Report-To': '{"group":"heroku-nel","max_age":3600,"endpoints":[{"url":"https://nel.heroku.com/reports?ts=1719698214&amp;sid=c46efe9b-d3d2-4a0c-8c76-bfafa16c5add&amp;s=e65p7tFWCFQ1JKNZpqr60H7t0y9cvfM5COAHbUEmG6w%3D"}]}', 'Reporting-Endpoints': 'heroku-nel=https://nel.heroku.com/reports?ts=1719698214&amp;sid=c46efe9b-d3d2-4a0c-8c76-bfafa16c5add&amp;s=e65p7tFWCFQ1JKNZpqr60H7t0y9cvfM5COAHbUEmG6w%3D', 'Nel': '{"report_to":"heroku-nel","max_age":3600,"success_fraction":0.005,"failure_fraction":0.05,"response_headers":["Via"]}', 'Connection': 'keep-alive', 'X-Powered-By': 'Express', 'Content-Type': 'application/json; charset=utf-8', 'Content-Length': '196', 'Etag': 'W/"c4-o5cXPJzdFJ4UbpbJiMqo4Cg/e8g"', 'Date': 'Sat, 29 Jun 2024 21:56:54 GMT', 'Via': '1.1 vegur'} 
 body={"bookingid":2769,"booking":{"firstname":"Omar","lastname":"Salam","totalprice":3434,"depositpaid":true,"bookingdates":{"checkin":"2024-03-14","checkout":"2024-05-01"},"additionalneeds":"Dinner"}} 
 </msg>
<msg time="2024-06-30T00:56:54.123884" level="INFO">${post_response} = &lt;Response [200]&gt;</msg>
<var>${post_response}</var>
<arg>POST</arg>
<arg>${Booking_ENDPOINT}</arg>
<arg>json=${body}</arg>
<doc>Sends a POST request on a previously created HTTP Session.</doc>
<status status="PASS" start="2024-06-30T00:56:53.322698" elapsed="0.801186"/>
</kw>
<kw name="Status Should Be" owner="RequestsLibrary">
<arg>200</arg>
<doc>Fails if response status code is different than the expected.</doc>
<status status="PASS" start="2024-06-30T00:56:54.123884" elapsed="0.000000"/>
</kw>
<kw name="Set Variable" owner="BuiltIn">
<msg time="2024-06-30T00:56:54.124886" level="INFO">${booking_Id} = 2769</msg>
<var>${booking_Id}</var>
<arg>${post_response.json()}[bookingid]</arg>
<doc>Returns the given values which can then be assigned to a variables.</doc>
<status status="PASS" start="2024-06-30T00:56:54.123884" elapsed="0.001002"/>
</kw>
<kw name="Set Global Variable" owner="BuiltIn">
<msg time="2024-06-30T00:56:54.124886" level="INFO">${global_booking_id} = 2769</msg>
<arg>${global_booking_id}</arg>
<arg>${booking_Id}</arg>
<doc>Makes a variable available globally in all tests and suites.</doc>
<status status="PASS" start="2024-06-30T00:56:54.124886" elapsed="0.000000"/>
</kw>
<kw name="Log" owner="BuiltIn">
<msg time="2024-06-30T00:56:54.124886" level="INFO">Posted BookingID value is 2769</msg>
<arg>Posted BookingID value is ${global_booking_id}</arg>
<doc>Logs the given message with the given level.</doc>
<status status="PASS" start="2024-06-30T00:56:54.124886" elapsed="0.000000"/>
</kw>
<status status="PASS" start="2024-06-30T00:56:53.320696" elapsed="0.804190"/>
</kw>
<kw name="Log" owner="BuiltIn">
<msg time="2024-06-30T00:56:54.125884" level="INFO">Verifying that posted data are then fetched by created booking id: 2769</msg>
<arg>Verifying that posted data are then fetched by created booking id: ${global_booking_id}</arg>
<doc>Logs the given message with the given level.</doc>
<status status="PASS" start="2024-06-30T00:56:54.125884" elapsed="0.000000"/>
</kw>
<kw name="Test Get Booking Data By Specific ID" owner="BookingKeywords">
<kw name="GET" owner="RequestsLibrary">
<msg time="2024-06-30T00:56:55.147433" level="INFO">GET Request : url=https://restful-booker.herokuapp.com/booking/2769 
 path_url=/booking/2769 
 headers={'User-Agent': 'python-requests/2.31.0', 'Accept-Encoding': 'gzip, deflate', 'Accept': '*/*', 'Connection': 'keep-alive'} 
 body=None 
 </msg>
<msg time="2024-06-30T00:56:55.147433" level="INFO">GET Response : url=https://restful-booker.herokuapp.com/booking/2769 
 status=200, reason=OK 
 headers={'Server': 'Cowboy', 'Report-To': '{"group":"heroku-nel","max_age":3600,"endpoints":[{"url":"https://nel.heroku.com/reports?ts=1719698215&amp;sid=c46efe9b-d3d2-4a0c-8c76-bfafa16c5add&amp;s=nVPPG4eYi%2BHYuXxye%2F4qxk%2F3d5FRsNO4gO6RoPmtJh8%3D"}]}', 'Reporting-Endpoints': 'heroku-nel=https://nel.heroku.com/reports?ts=1719698215&amp;sid=c46efe9b-d3d2-4a0c-8c76-bfafa16c5add&amp;s=nVPPG4eYi%2BHYuXxye%2F4qxk%2F3d5FRsNO4gO6RoPmtJh8%3D', 'Nel': '{"report_to":"heroku-nel","max_age":3600,"success_fraction":0.005,"failure_fraction":0.05,"response_headers":["Via"]}', 'Connection': 'keep-alive', 'X-Powered-By': 'Express', 'Content-Type': 'application/json; charset=utf-8', 'Content-Length': '167', 'Etag': 'W/"a7-habsOeszCnTc97eUUTOdC2cPRcI"', 'Date': 'Sat, 29 Jun 2024 21:56:55 GMT', 'Via': '1.1 vegur'} 
 body={"firstname":"Omar","lastname":"Salam","totalprice":3434,"depositpaid":true,"bookingdates":{"checkin":"2024-03-14","checkout":"2024-05-01"},"additionalneeds":"Dinner"} 
 </msg>
<msg time="2024-06-30T00:56:55.148442" level="INFO">${get_response} = &lt;Response [200]&gt;</msg>
<var>${get_response}</var>
<arg>${restfulBooker_baseUrl}${Booking_ENDPOINT}/${id}</arg>
<arg>expected_status=200</arg>
<doc>Sends a GET request.</doc>
<status status="PASS" start="2024-06-30T00:56:54.125884" elapsed="1.022558"/>
</kw>
<kw name="Log" owner="BuiltIn">
<msg time="2024-06-30T00:56:55.148442" level="INFO">Getting Booking Data response: {'firstname': 'Omar', 'lastname': 'Salam', 'totalprice': 3434, 'depositpaid': True, 'bookingdates': {'checkin': '2024-03-14', 'checkout': '2024-05-01'}, 'additionalneeds': 'Dinner'}</msg>
<arg>Getting Booking Data response: ${get_response.json()}</arg>
<doc>Logs the given message with the given level.</doc>
<status status="PASS" start="2024-06-30T00:56:55.148442" elapsed="0.000000"/>
</kw>
<kw name="Log" owner="BuiltIn">
<msg time="2024-06-30T00:56:55.149545" level="INFO">Successful getting data by posted booking id is 2769</msg>
<arg>Successful getting data by posted booking id is ${id}</arg>
<doc>Logs the given message with the given level.</doc>
<status status="PASS" start="2024-06-30T00:56:55.149545" elapsed="0.000000"/>
</kw>
<arg>${global_booking_id}</arg>
<status status="PASS" start="2024-06-30T00:56:54.125884" elapsed="1.023661"/>
</kw>
<status status="PASS" start="2024-06-30T00:56:53.319745" elapsed="1.830365"/>
</test>
<status status="PASS" start="2024-06-30T00:56:53.311974" elapsed="1.839142"/>
</suite>
<suite id="s1-s1-s1-s5" name="TC6 Delete Booking By ID" source="C:\Users\DELL\Documents\Automation\Robot-Framework\Projects\Final-Good practices\Demo July 24\STCS_API_RB_Testing\Resources\API\TC6 Delete Booking By ID.robot">
<test id="s1-s1-s1-s5-t1" name="TC7_ Delete Booking by passing booking ID" line="9">
<kw name="Create Session" owner="RequestsLibrary">
<msg time="2024-06-30T00:56:55.164625" level="INFO">Creating Session using : alias=deleteBookingSession, url=https://restful-booker.herokuapp.com, headers={},                     cookies={}, auth=None, timeout=None, proxies=None, verify=True,                     debug=0 </msg>
<arg>deleteBookingSession</arg>
<arg>${restfulBooker_baseUrl}</arg>
<arg>verify=true</arg>
<doc>Create Session: create a HTTP session to a server</doc>
<status status="PASS" start="2024-06-30T00:56:55.163652" elapsed="0.000973"/>
</kw>
<kw name="Create Dictionary" owner="BuiltIn">
<msg time="2024-06-30T00:56:55.164625" level="INFO">${header} = {'Content-Type': 'application/json', 'Authorization': 'Basic YWRtaW46cGFzc3dvcmQxMjM='}</msg>
<var>${header}</var>
<arg>Content-Type=application/json</arg>
<arg>Authorization=${basic_token_for_delete}</arg>
<doc>Creates and returns a dictionary based on the given ``items``.</doc>
<status status="PASS" start="2024-06-30T00:56:55.164625" elapsed="0.000000"/>
</kw>
<kw name="DELETE On Session" owner="RequestsLibrary">
<msg time="2024-06-30T00:56:56.274067" level="INFO">DELETE Request : url=https://restful-booker.herokuapp.com/booking/1013 
 path_url=/booking/1013 
 headers={'User-Agent': 'python-requests/2.31.0', 'Accept-Encoding': 'gzip, deflate', 'Accept': '*/*', 'Connection': 'keep-alive', 'Content-Type': 'application/json', 'Authorization': 'Basic YWRtaW46cGFzc3dvcmQxMjM=', 'Content-Length': '0'} 
 body=None 
 </msg>
<msg time="2024-06-30T00:56:56.274067" level="INFO">DELETE Response : url=https://restful-booker.herokuapp.com/booking/1013 
 status=201, reason=Created 
 headers={'Server': 'Cowboy', 'Report-To': '{"group":"heroku-nel","max_age":3600,"endpoints":[{"url":"https://nel.heroku.com/reports?ts=1719698217&amp;sid=c46efe9b-d3d2-4a0c-8c76-bfafa16c5add&amp;s=dS%2B9UQaMA5Hbd5wF7TCaU7VYDpOV5D9Oq4Zqgag8cJ0%3D"}]}', 'Reporting-Endpoints': 'heroku-nel=https://nel.heroku.com/reports?ts=1719698217&amp;sid=c46efe9b-d3d2-4a0c-8c76-bfafa16c5add&amp;s=dS%2B9UQaMA5Hbd5wF7TCaU7VYDpOV5D9Oq4Zqgag8cJ0%3D', 'Nel': '{"report_to":"heroku-nel","max_age":3600,"success_fraction":0.005,"failure_fraction":0.05,"response_headers":["Via"]}', 'Connection': 'keep-alive', 'X-Powered-By': 'Express', 'Content-Type': 'text/plain; charset=utf-8', 'Content-Length': '7', 'Etag': 'W/"7-rM9AyJuqT6iOan/xHh+AW+7K/T8"', 'Date': 'Sat, 29 Jun 2024 21:56:57 GMT', 'Via': '1.1 vegur'} 
 body=Created 
 </msg>
<msg time="2024-06-30T00:56:56.275061" level="INFO">${response} = &lt;Response [201]&gt;</msg>
<var>${response}</var>
<arg>deleteBookingSession</arg>
<arg>/booking/${booking_id_for_delete}</arg>
<arg>headers=${header}</arg>
<doc>Sends a DELETE request on a previously created HTTP Session.</doc>
<status status="PASS" start="2024-06-30T00:56:55.165624" elapsed="1.109437"/>
</kw>
<kw name="Convert To String" owner="BuiltIn">
<msg time="2024-06-30T00:56:56.276062" level="INFO">${status_code} = 201</msg>
<var>${status_code}</var>
<arg>${response.status_code}</arg>
<doc>Converts the given item to a Unicode string.</doc>
<status status="PASS" start="2024-06-30T00:56:56.275061" elapsed="0.001001"/>
</kw>
<kw name="Should Be Equal" owner="BuiltIn">
<arg>${status_code}</arg>
<arg>201</arg>
<doc>Fails if the given objects are unequal.</doc>
<status status="PASS" start="2024-06-30T00:56:56.276062" elapsed="0.000999"/>
</kw>
<kw name="Log To Console" owner="BuiltIn">
<arg>${status_code}</arg>
<doc>Logs the given message to the console.</doc>
<status status="PASS" start="2024-06-30T00:56:56.277061" elapsed="0.000000"/>
</kw>
<kw name="Convert To String" owner="BuiltIn">
<msg time="2024-06-30T00:56:56.278375" level="INFO">${res_body} = Created</msg>
<var>${res_body}</var>
<arg>${response.content}</arg>
<doc>Converts the given item to a Unicode string.</doc>
<status status="PASS" start="2024-06-30T00:56:56.277061" elapsed="0.001314"/>
</kw>
<kw name="Should Contain" owner="BuiltIn">
<arg>${res_body}</arg>
<arg>Created</arg>
<doc>Fails if ``container`` does not contain ``item`` one or more times.</doc>
<status status="PASS" start="2024-06-30T00:56:56.278375" elapsed="0.000000"/>
</kw>
<status status="PASS" start="2024-06-30T00:56:55.163652" elapsed="1.114723"/>
</test>
<status status="PASS" start="2024-06-30T00:56:55.151116" elapsed="1.128264"/>
</suite>
<status status="PASS" start="2024-06-30T00:56:49.592279" elapsed="6.688155"/>
</suite>
<status status="PASS" start="2024-06-30T00:56:49.590319" elapsed="6.691115"/>
</suite>
<status status="PASS" start="2024-06-30T00:56:49.550339" elapsed="6.732095"/>
</suite>
<statistics>
<total>
<stat pass="5" fail="0" skip="0">All Tests</stat>
</total>
<tag>
</tag>
<suite>
<stat pass="5" fail="0" skip="0" id="s1" name="STCS API RB Testing">STCS API RB Testing</stat>
<stat pass="5" fail="0" skip="0" id="s1-s1" name="Resources">STCS API RB Testing.Resources</stat>
<stat pass="5" fail="0" skip="0" id="s1-s1-s1" name="API">STCS API RB Testing.Resources.API</stat>
<stat pass="1" fail="0" skip="0" id="s1-s1-s1-s1" name="Booking Auth Create Token">STCS API RB Testing.Resources.API.Booking Auth Create Token</stat>
<stat pass="1" fail="0" skip="0" id="s1-s1-s1-s2" name="TC1 Get All Bookings">STCS API RB Testing.Resources.API.TC1 Get All Bookings</stat>
<stat pass="1" fail="0" skip="0" id="s1-s1-s1-s3" name="TC2  Get Booking By BookingId">STCS API RB Testing.Resources.API.TC2  Get Booking By BookingId</stat>
<stat pass="1" fail="0" skip="0" id="s1-s1-s1-s4" name="TC3 POST Create Booking">STCS API RB Testing.Resources.API.TC3 POST Create Booking</stat>
<stat pass="1" fail="0" skip="0" id="s1-s1-s1-s5" name="TC6 Delete Booking By ID">STCS API RB Testing.Resources.API.TC6 Delete Booking By ID</stat>
</suite>
</statistics>
<errors>
</errors>
</robot>
